# JRE version: OpenJDK Runtime Environment (8.0_412-b08) (build 1.8.0_412-b08)
# Java VM: OpenJDK 64-Bit Server VM (25.412-b08 mixed mode linux-amd64 compressed oops)
Heap:
 PSYoungGen      total 168960K, used 38415K [0x000000076ff80000, 0x000000077da80000, 0x00000007c0000000)
  eden space 130048K, 3% used [0x000000076ff80000,0x00000007703d0740,0x0000000777e80000)
  from space 38912K, 87% used [0x000000077a980000,0x000000077cab34d8,0x000000077cf80000)
  to   space 44032K, 0% used [0x0000000777e80000,0x0000000777e80000,0x000000077a980000)
 ParOldGen       total 93696K, used 54074K [0x00000006cfe00000, 0x00000006d5980000, 0x000000076ff80000)
  object space 93696K, 57% used [0x00000006cfe00000,0x00000006d32cea30,0x00000006d5980000)
 Metaspace       used 27348K, capacity 27691K, committed 27904K, reserved 1075200K
  class space    used 2661K, capacity 2759K, committed 2816K, reserved 1048576K
GC Heap History (10 events):
Event: 0.902 GC heap before
{Heap before GC invocations=3 (full 1):
 PSYoungGen      total 72192K, used 7713K [0x000000076ff80000, 0x0000000778c80000, 0x00000007c0000000)
  eden space 61952K, 0% used [0x000000076ff80000,0x000000076ff80000,0x0000000773c00000)
  from space 10240K, 75% used [0x0000000774600000,0x0000000774d88630,0x0000000775000000)
  to   space 10240K, 0% used [0x0000000773c00000,0x0000000773c00000,0x0000000774600000)
 ParOldGen       total 165376K, used 24K [0x00000006cfe00000, 0x00000006d9f80000, 0x000000076ff80000)
  object space 165376K, 0% used [0x00000006cfe00000,0x00000006cfe06000,0x00000006d9f80000)
 Metaspace       used 20857K, capacity 21145K, committed 21296K, reserved 1069056K
  class space    used 2054K, capacity 2166K, committed 2176K, reserved 1048576K
Event: 0.918 GC heap after
Heap after GC invocations=3 (full 1):
 PSYoungGen      total 72192K, used 0K [0x000000076ff80000, 0x0000000778c80000, 0x00000007c0000000)
  eden space 61952K, 0% used [0x000000076ff80000,0x000000076ff80000,0x0000000773c00000)
  from space 10240K, 0% used [0x0000000774600000,0x0000000774600000,0x0000000775000000)
  to   space 10240K, 0% used [0x0000000773c00000,0x0000000773c00000,0x0000000774600000)
 ParOldGen       total 93696K, used 7576K [0x00000006cfe00000, 0x00000006d5980000, 0x000000076ff80000)
  object space 93696K, 8% used [0x00000006cfe00000,0x00000006d0566290,0x00000006d5980000)
 Metaspace       used 20857K, capacity 21145K, committed 21296K, reserved 1069056K
  class space    used 2054K, capacity 2166K, committed 2176K, reserved 1048576K
}
Event: 4.025 GC heap before
{Heap before GC invocations=4 (full 1):
 PSYoungGen      total 72192K, used 61952K [0x000000076ff80000, 0x0000000778c80000, 0x00000007c0000000)
  eden space 61952K, 100% used [0x000000076ff80000,0x0000000773c00000,0x0000000773c00000)
  from space 10240K, 0% used [0x0000000774600000,0x0000000774600000,0x0000000775000000)
  to   space 10240K, 0% used [0x0000000773c00000,0x0000000773c00000,0x0000000774600000)
 ParOldGen       total 93696K, used 7576K [0x00000006cfe00000, 0x00000006d5980000, 0x000000076ff80000)
  object space 93696K, 8% used [0x00000006cfe00000,0x00000006d0566290,0x00000006d5980000)
 Metaspace       used 26647K, capacity 26987K, committed 27392K, reserved 1073152K
  class space    used 2653K, capacity 2759K, committed 2816K, reserved 1048576K
Event: 4.034 GC heap after
Heap after GC invocations=4 (full 1):
 PSYoungGen      total 72192K, used 10234K [0x000000076ff80000, 0x0000000777080000, 0x00000007c0000000)
  eden space 61952K, 0% used [0x000000076ff80000,0x000000076ff80000,0x0000000773c00000)
  from space 10240K, 99% used [0x0000000773c00000,0x00000007745fe870,0x0000000774600000)
  to   space 10240K, 0% used [0x0000000776680000,0x0000000776680000,0x0000000777080000)
 ParOldGen       total 93696K, used 14573K [0x00000006cfe00000, 0x00000006d5980000, 0x000000076ff80000)
  object space 93696K, 15% used [0x00000006cfe00000,0x00000006d0c3b660,0x00000006d5980000)
 Metaspace       used 26647K, capacity 26987K, committed 27392K, reserved 1073152K
  class space    used 2653K, capacity 2759K, committed 2816K, reserved 1048576K
}
Event: 6.014 GC heap before
{Heap before GC invocations=5 (full 1):
 PSYoungGen      total 72192K, used 72186K [0x000000076ff80000, 0x0000000777080000, 0x00000007c0000000)
  eden space 61952K, 100% used [0x000000076ff80000,0x0000000773c00000,0x0000000773c00000)
  from space 10240K, 99% used [0x0000000773c00000,0x00000007745fe870,0x0000000774600000)
  to   space 10240K, 0% used [0x0000000776680000,0x0000000776680000,0x0000000777080000)
 ParOldGen       total 93696K, used 14573K [0x00000006cfe00000, 0x00000006d5980000, 0x000000076ff80000)
  object space 93696K, 15% used [0x00000006cfe00000,0x00000006d0c3b660,0x00000006d5980000)
 Metaspace       used 26938K, capacity 27243K, committed 27648K, reserved 1075200K
  class space    used 2654K, capacity 2759K, committed 2816K, reserved 1048576K
Event: 6.031 GC heap after
Heap after GC invocations=5 (full 1):
 PSYoungGen      total 102912K, used 10221K [0x000000076ff80000, 0x0000000777080000, 0x00000007c0000000)
  eden space 92672K, 0% used [0x000000076ff80000,0x000000076ff80000,0x0000000775a00000)
  from space 10240K, 99% used [0x0000000776680000,0x000000077707b4c8,0x0000000777080000)
  to   space 10240K, 0% used [0x0000000775c80000,0x0000000775c80000,0x0000000776680000)
 ParOldGen       total 93696K, used 30242K [0x00000006cfe00000, 0x00000006d5980000, 0x000000076ff80000)
  object space 93696K, 32% used [0x00000006cfe00000,0x00000006d1b88a30,0x00000006d5980000)
 Metaspace       used 26938K, capacity 27243K, committed 27648K, reserved 1075200K
  class space    used 2654K, capacity 2759K, committed 2816K, reserved 1048576K
}
Event: 9.212 GC heap before
{Heap before GC invocations=6 (full 1):
 PSYoungGen      total 102912K, used 102893K [0x000000076ff80000, 0x0000000777080000, 0x00000007c0000000)
  eden space 92672K, 100% used [0x000000076ff80000,0x0000000775a00000,0x0000000775a00000)
  from space 10240K, 99% used [0x0000000776680000,0x000000077707b4c8,0x0000000777080000)
  to   space 10240K, 0% used [0x0000000775c80000,0x0000000775c80000,0x0000000776680000)
 ParOldGen       total 93696K, used 30242K [0x00000006cfe00000, 0x00000006d5980000, 0x000000076ff80000)
  object space 93696K, 32% used [0x00000006cfe00000,0x00000006d1b88a30,0x00000006d5980000)
 Metaspace       used 27103K, capacity 27435K, committed 27648K, reserved 1075200K
  class space    used 2654K, capacity 2759K, committed 2816K, reserved 1048576K
Event: 9.237 GC heap after
Heap after GC invocations=6 (full 1):
 PSYoungGen      total 105472K, used 10221K [0x000000076ff80000, 0x000000077cf80000, 0x00000007c0000000)
  eden space 95232K, 0% used [0x000000076ff80000,0x000000076ff80000,0x0000000775c80000)
  from space 10240K, 99% used [0x0000000775c80000,0x000000077667b4a8,0x0000000776680000)
  to   space 38912K, 0% used [0x000000077a980000,0x000000077a980000,0x000000077cf80000)
 ParOldGen       total 93696K, used 54066K [0x00000006cfe00000, 0x00000006d5980000, 0x000000076ff80000)
  object space 93696K, 57% used [0x00000006cfe00000,0x00000006d32cca30,0x00000006d5980000)
 Metaspace       used 27103K, capacity 27435K, committed 27648K, reserved 1075200K
  class space    used 2654K, capacity 2759K, committed 2816K, reserved 1048576K
}
Event: 12.625 GC heap before
{Heap before GC invocations=7 (full 1):
 PSYoungGen      total 105472K, used 105453K [0x000000076ff80000, 0x000000077cf80000, 0x00000007c0000000)
  eden space 95232K, 100% used [0x000000076ff80000,0x0000000775c80000,0x0000000775c80000)
  from space 10240K, 99% used [0x0000000775c80000,0x000000077667b4a8,0x0000000776680000)
  to   space 38912K, 0% used [0x000000077a980000,0x000000077a980000,0x000000077cf80000)
 ParOldGen       total 93696K, used 54066K [0x00000006cfe00000, 0x00000006d5980000, 0x000000076ff80000)
  object space 93696K, 57% used [0x00000006cfe00000,0x00000006d32cca30,0x00000006d5980000)
 Metaspace       used 27348K, capacity 27691K, committed 27904K, reserved 1075200K
  class space    used 2661K, capacity 2759K, committed 2816K, reserved 1048576K
Event: 12.650 GC heap after
Heap after GC invocations=7 (full 1):
 PSYoungGen      total 168960K, used 33997K [0x000000076ff80000, 0x000000077da80000, 0x00000007c0000000)
  eden space 130048K, 0% used [0x000000076ff80000,0x000000076ff80000,0x0000000777e80000)
  from space 38912K, 87% used [0x000000077a980000,0x000000077cab34d8,0x000000077cf80000)
  to   space 44032K, 0% used [0x0000000777e80000,0x0000000777e80000,0x000000077a980000)
 ParOldGen       total 93696K, used 54074K [0x00000006cfe00000, 0x00000006d5980000, 0x000000076ff80000)
  object space 93696K, 57% used [0x00000006cfe00000,0x00000006d32cea30,0x00000006d5980000)
 Metaspace       used 27348K, capacity 27691K, committed 27904K, reserved 1075200K
  class space    used 2661K, capacity 2759K, committed 2816K, reserved 1048576K
}

